 WSG: g, ncount:            1         386
 WSG: g, ncount:            2         381
 WSG: g, ncount:            3         368
 WSG: g, ncount:            4         337
 WSG: g, ncount:            5         298
 WSG: g, ncount:            6         264
 WSG: g, ncount:            7          38
 WSG: g, ncount:            8          49
 WSG: g, ncount:            9          69
 WSG: g, ncount:           10          44
 WSG: g, ncount:           11          65
 WSG: g, ncount:           12          49
 WSG: g, ncount:           13          71
 WSG: g, ncount:           14          86
 WSG: g, ncount:           15         112
 WSG: g, ncount:           16          93
 WSG: g, ncount:           17         144
 WSG: g, ncount:           18          92
 WSG: g, ncount:           19         158
 WSG: g, ncount:           20         137
 WSG: g, ncount:           21         135
 WSG: g, ncount:           22         386
 WSG: g, ncount:           23         381
 WSG: g, ncount:           24         368
 WSG: g, ncount:           25         337
 WSG: g, ncount:           26         298
 WSG: g, ncount:           27         265
 WSG: g, ncount:           28          41
 WSG: g, ncount:           29          42
 WSG: g, ncount:           30          58
 WSG: g, ncount:           31          47
 WSG: g, ncount:           32          58
 WSG: g, ncount:           33          53
 WSG: g, ncount:           34          73
 WSG: g, ncount:           35          92
 WSG: g, ncount:           36         105
 WSG: g, ncount:           37          98
 WSG: g, ncount:           38         139
 WSG: g, ncount:           39          97
 WSG: g, ncount:           40         163
 WSG: g, ncount:           41         134
 WSG: g, ncount:           42         137
 WSG: g, ncount:           43         386
 WSG: g, ncount:           44         381
 WSG: g, ncount:           45         368
 WSG: g, ncount:           46         337
 WSG: g, ncount:           47         297
 WSG: g, ncount:           48         266
 WSG: g, ncount:           49          42
 WSG: g, ncount:           50          56
 WSG: g, ncount:           51          47
 WSG: g, ncount:           52          52
 WSG: g, ncount:           53          44
 WSG: g, ncount:           54          55
 WSG: g, ncount:           55          74
 WSG: g, ncount:           56          93
 WSG: g, ncount:           57          96
 WSG: g, ncount:           58         102
 WSG: g, ncount:           59         132
 WSG: g, ncount:           60         103
 WSG: g, ncount:           61         167
 WSG: g, ncount:           62         132
 WSG: g, ncount:           63         138
 WSG: g, ncount:           64         386
 WSG: g, ncount:           65         382
 WSG: g, ncount:           66         368
 WSG: g, ncount:           67         337
 WSG: g, ncount:           68         296
 WSG: g, ncount:           69         267
 WSG: g, ncount:           70          43
 WSG: g, ncount:           71          62
 WSG: g, ncount:           72          37
 WSG: g, ncount:           73          56
 WSG: g, ncount:           74          48
 WSG: g, ncount:           75          51
 WSG: g, ncount:           76          70
 WSG: g, ncount:           77          89
 WSG: g, ncount:           78          90
 WSG: g, ncount:           79         108
 WSG: g, ncount:           80         125
 WSG: g, ncount:           81         110
 WSG: g, ncount:           82         169
 WSG: g, ncount:           83         130
 WSG: g, ncount:           84         140
 WSG: g, ncount:           85         386
 WSG: g, ncount:           86         383
 WSG: g, ncount:           87         370
 WSG: g, ncount:           88         338
 WSG: g, ncount:           89         297
 WSG: g, ncount:           90         268
 WSG: g, ncount:           91          29
 WSG: g, ncount:           92          64
 WSG: g, ncount:           93          27
 WSG: g, ncount:           94          57
 WSG: g, ncount:           95          62
 WSG: g, ncount:           96          47
 WSG: g, ncount:           97          64
 WSG: g, ncount:           98          84
 WSG: g, ncount:           99          84
 WSG: g, ncount:          100         115
 WSG: g, ncount:          101         117
 WSG: g, ncount:          102         118
 WSG: g, ncount:          103         168
 WSG: g, ncount:          104         128
 WSG: g, ncount:          105         142
 WSG: g, ncount:          106         386
 WSG: g, ncount:          107         385
 WSG: g, ncount:          108         372
 WSG: g, ncount:          109         339
 WSG: g, ncount:          110         299
 WSG: g, ncount:          111         268
 WSG: g, ncount:          112          31
 WSG: g, ncount:          113          61
 WSG: g, ncount:          114          53
 WSG: g, ncount:          115          57
 WSG: g, ncount:          116          64
 WSG: g, ncount:          117          41
 WSG: g, ncount:          118          41
 WSG: g, ncount:          119          78
 WSG: g, ncount:          120          76
 WSG: g, ncount:          121         121
 WSG: g, ncount:          122          93
 WSG: g, ncount:          123         126
 WSG: g, ncount:          124         165
 WSG: g, ncount:          125         127
 WSG: g, ncount:          126         155
 WSG: g, ncount:          127         386
 WSG: g, ncount:          128         387
 WSG: g, ncount:          129         373
 WSG: g, ncount:          130         340
 WSG: g, ncount:          131         301
 WSG: g, ncount:          132         268
 WSG: g, ncount:          133          33
 WSG: g, ncount:          134          57
 WSG: g, ncount:          135          61
 WSG: g, ncount:          136          51
 WSG: g, ncount:          137          65
 WSG: g, ncount:          138          39
 WSG: g, ncount:          139          51
 WSG: g, ncount:          140          69
 WSG: g, ncount:          141          69
 WSG: g, ncount:          142         127
 WSG: g, ncount:          143          88
 WSG: g, ncount:          144         134
 WSG: g, ncount:          145         161
 WSG: g, ncount:          146         126
 WSG: g, ncount:          147         154
 WSG: g, ncount:          148         386
 WSG: g, ncount:          149         389
 WSG: g, ncount:          150         374
 WSG: g, ncount:          151         342
 WSG: g, ncount:          152         304
 WSG: g, ncount:          153         267
 WSG: g, ncount:          154          26
 WSG: g, ncount:          155          47
 WSG: g, ncount:          156          69
 WSG: g, ncount:          157          44
 WSG: g, ncount:          158          62
 WSG: g, ncount:          159          48
 WSG: g, ncount:          160          61
 WSG: g, ncount:          161          51
 WSG: g, ncount:          162          75
 WSG: g, ncount:          163         133
 WSG: g, ncount:          164          85
 WSG: g, ncount:          165         142
 WSG: g, ncount:          166         157
 WSG: g, ncount:          167         150
 WSG: g, ncount:          168         152
 WSG: g, ncount:          169         386
 WSG: g, ncount:          170         391
 WSG: g, ncount:          171         374
 WSG: g, ncount:          172         344
 WSG: g, ncount:          173         307
 WSG: g, ncount:          174         266
 WSG: g, ncount:          175          34
 WSG: g, ncount:          176          37
 WSG: g, ncount:          177          72
 WSG: g, ncount:          178          53
 WSG: g, ncount:          179          48
 WSG: g, ncount:          180          57
 WSG: g, ncount:          181          70
 WSG: g, ncount:          182          61
 WSG: g, ncount:          183          82
 WSG: g, ncount:          184         135
 WSG: g, ncount:          185          81
 WSG: g, ncount:          186         147
 WSG: g, ncount:          187         151
 WSG: g, ncount:          188         149
 WSG: g, ncount:          189         147
 WSG: g, ncount:          190         386
 WSG: g, ncount:          191         393
 WSG: g, ncount:          192         375
 WSG: g, ncount:          193         346
 WSG: g, ncount:          194         310
 WSG: g, ncount:          195         264
 WSG: g, ncount:          196          42
 WSG: g, ncount:          197          40
 WSG: g, ncount:          198          73
 WSG: g, ncount:          199          61
 WSG: g, ncount:          200          41
 WSG: g, ncount:          201          70
 WSG: g, ncount:          202          77
 WSG: g, ncount:          203          71
 WSG: g, ncount:          204          90
 WSG: g, ncount:          205         136
 WSG: g, ncount:          206          76
 WSG: g, ncount:          207         152
 WSG: g, ncount:          208         138
 WSG: g, ncount:          209         149
 WSG: g, ncount:          210         145
 WSG: g, ncount:          211         386
 WSG: g, ncount:          212         395
 WSG: g, ncount:          213         376
 WSG: g, ncount:          214         348
 WSG: g, ncount:          215         313
 WSG: g, ncount:          216         261
 WSG: g, ncount:          217          46
 WSG: g, ncount:          218          50
 WSG: g, ncount:          219          68
 WSG: g, ncount:          220          66
 WSG: g, ncount:          221          45
 WSG: g, ncount:          222          78
 WSG: g, ncount:          223          83
 WSG: g, ncount:          224          78
 WSG: g, ncount:          225          99
 WSG: g, ncount:          226         137
 WSG: g, ncount:          227          75
 WSG: g, ncount:          228         156
 WSG: g, ncount:          229         132
 WSG: g, ncount:          230         148
 WSG: g, ncount:          231         143
 WSG: g, ncount:          232         386
 WSG: g, ncount:          233         395
 WSG: g, ncount:          234         377
 WSG: g, ncount:          235         351
 WSG: g, ncount:          236         316
 WSG: g, ncount:          237         258
 WSG: g, ncount:          238          48
 WSG: g, ncount:          239          55
 WSG: g, ncount:          240          59
 WSG: g, ncount:          241          71
 WSG: g, ncount:          242          48
 WSG: g, ncount:          243          82
 WSG: g, ncount:          244          88
 WSG: g, ncount:          245          86
 WSG: g, ncount:          246         107
 WSG: g, ncount:          247         138
 WSG: g, ncount:          248          78
 WSG: g, ncount:          249         160
 WSG: g, ncount:          250         129
 WSG: g, ncount:          251         148
 WSG: g, ncount:          252         143
 WSG: g, ncount:          253         386
 WSG: g, ncount:          254         395
 WSG: g, ncount:          255         378
 WSG: g, ncount:          256         354
 WSG: g, ncount:          257         318
 WSG: g, ncount:          258         255
 WSG: g, ncount:          259          45
 WSG: g, ncount:          260          60
 WSG: g, ncount:          261          30
 WSG: g, ncount:          262          76
 WSG: g, ncount:          263          34
 WSG: g, ncount:          264          83
 WSG: g, ncount:          265          93
 WSG: g, ncount:          266          94
 WSG: g, ncount:          267         113
 WSG: g, ncount:          268         139
 WSG: g, ncount:          269          83
 WSG: g, ncount:          270         162
 WSG: g, ncount:          271         127
 WSG: g, ncount:          272         147
 WSG: g, ncount:          273         141
 WSG: g, ncount:          274         386
 WSG: g, ncount:          275         395
 WSG: g, ncount:          276         379
 WSG: g, ncount:          277         357
 WSG: g, ncount:          278         320
 WSG: g, ncount:          279         253
 WSG: g, ncount:          280          41
 WSG: g, ncount:          281          63
 WSG: g, ncount:          282          35
 WSG: g, ncount:          283          80
 WSG: g, ncount:          284          42
 WSG: g, ncount:          285          83
 WSG: g, ncount:          286          94
 WSG: g, ncount:          287          99
 WSG: g, ncount:          288         113
 WSG: g, ncount:          289         140
 WSG: g, ncount:          290          96
 WSG: g, ncount:          291         163
 WSG: g, ncount:          292         124
 WSG: g, ncount:          293         146
 WSG: g, ncount:          294         140
 WSG: g, ncount:          295         386
 WSG: g, ncount:          296         396
 WSG: g, ncount:          297         380
 WSG: g, ncount:          298         359
 WSG: g, ncount:          299         321
 WSG: g, ncount:          300         251
 WSG: g, ncount:          301          38
 WSG: g, ncount:          302          57
 WSG: g, ncount:          303          42
 WSG: g, ncount:          304          79
 WSG: g, ncount:          305          52
 WSG: g, ncount:          306          84
 WSG: g, ncount:          307          93
 WSG: g, ncount:          308         101
 WSG: g, ncount:          309         109
 WSG: g, ncount:          310         141
 WSG: g, ncount:          311         104
 WSG: g, ncount:          312         160
 WSG: g, ncount:          313         119
 WSG: g, ncount:          314         145
 WSG: g, ncount:          315         140
 WSG: g, ncount:          316         386
 WSG: g, ncount:          317         397
 WSG: g, ncount:          318         381
 WSG: g, ncount:          319         361
 WSG: g, ncount:          320         322
 WSG: g, ncount:          321         250
 WSG: g, ncount:          322          45
 WSG: g, ncount:          323          38
 WSG: g, ncount:          324          47
 WSG: g, ncount:          325          71
 WSG: g, ncount:          326          64
 WSG: g, ncount:          327          85
 WSG: g, ncount:          328          92
 WSG: g, ncount:          329         104
 WSG: g, ncount:          330         102
 WSG: g, ncount:          331         142
 WSG: g, ncount:          332         112
 WSG: g, ncount:          333         157
 WSG: g, ncount:          334         116
 WSG: g, ncount:          335         144
 WSG: g, ncount:          336         140
 WSG: g, ncount:          337         386
 WSG: g, ncount:          338         398
 WSG: g, ncount:          339         382
 WSG: g, ncount:          340         361
 WSG: g, ncount:          341         323
 WSG: g, ncount:          342         249
 WSG: g, ncount:          343          48
 WSG: g, ncount:          344          28
 WSG: g, ncount:          345          50
 WSG: g, ncount:          346          64
 WSG: g, ncount:          347          71
 WSG: g, ncount:          348          85
 WSG: g, ncount:          349          91
 WSG: g, ncount:          350         105
 WSG: g, ncount:          351          92
 WSG: g, ncount:          352         142
 WSG: g, ncount:          353         120
 WSG: g, ncount:          354         153
 WSG: g, ncount:          355         114
 WSG: g, ncount:          356         143
 WSG: g, ncount:          357         141
 WSG: g, ncount:          358         386
 WSG: g, ncount:          359         399
 WSG: g, ncount:          360         383
 WSG: g, ncount:          361         360
 WSG: g, ncount:          362         323
 WSG: g, ncount:          363         247
 WSG: g, ncount:          364          49
 WSG: g, ncount:          365          51
 WSG: g, ncount:          366          48
 WSG: g, ncount:          367          56
 WSG: g, ncount:          368          73
 WSG: g, ncount:          369          84
 WSG: g, ncount:          370          91
 WSG: g, ncount:          371         106
 WSG: g, ncount:          372          83
 WSG: g, ncount:          373         142
 WSG: g, ncount:          374         130
 WSG: g, ncount:          375         147
 WSG: g, ncount:          376         143
 WSG: g, ncount:          377         141
 WSG: g, ncount:          378         140
 WSG: g, ncount:          379         386
 WSG: g, ncount:          380         399
 WSG: g, ncount:          381         383
 WSG: g, ncount:          382         358
 WSG: g, ncount:          383         322
 WSG: g, ncount:          384         245
 WSG: g, ncount:          385          48
 WSG: g, ncount:          386          57
 WSG: g, ncount:          387          40
 WSG: g, ncount:          388          46
 WSG: g, ncount:          389          75
 WSG: g, ncount:          390          80
 WSG: g, ncount:          391          91
 WSG: g, ncount:          392         107
 WSG: g, ncount:          393          74
 WSG: g, ncount:          394         142
 WSG: g, ncount:          395         137
 WSG: g, ncount:          396         123
 WSG: g, ncount:          397         145
 WSG: g, ncount:          398         139
 WSG: g, ncount:          399         140
 WSG: g, ncount:          400         386
 WSG: g, ncount:          401         399
 WSG: g, ncount:          402         383
 WSG: g, ncount:          403         356
 WSG: g, ncount:          404         321
 WSG: g, ncount:          405         243
 WSG: g, ncount:          406          33
 WSG: g, ncount:          407          63
 WSG: g, ncount:          408          31
 WSG: g, ncount:          409          30
 WSG: g, ncount:          410          78
 WSG: g, ncount:          411          77
 WSG: g, ncount:          412          92
 WSG: g, ncount:          413         108
 WSG: g, ncount:          414          65
 WSG: g, ncount:          415         141
 WSG: g, ncount:          416         142
 WSG: g, ncount:          417         114
 WSG: g, ncount:          418         147
 WSG: g, ncount:          419         137
 WSG: g, ncount:          420         140
 WSG: g, ncount:          421         386
 WSG: g, ncount:          422         399
 WSG: g, ncount:          423         383
 WSG: g, ncount:          424         354
 WSG: g, ncount:          425         319
 WSG: g, ncount:          426         241
 WSG: g, ncount:          427          36
 WSG: g, ncount:          428          61
 WSG: g, ncount:          429          25
 WSG: g, ncount:          430          36
 WSG: g, ncount:          431          80
 WSG: g, ncount:          432          76
 WSG: g, ncount:          433          92
 WSG: g, ncount:          434         108
 WSG: g, ncount:          435          56
 WSG: g, ncount:          436         136
 WSG: g, ncount:          437         145
 WSG: g, ncount:          438         109
 WSG: g, ncount:          439         147
 WSG: g, ncount:          440         133
 WSG: g, ncount:          441         141
 WSG: g, ncount:          442         386
 WSG: g, ncount:          443         399
 WSG: g, ncount:          444         383
 WSG: g, ncount:          445         352
 WSG: g, ncount:          446         317
 WSG: g, ncount:          447         239
 WSG: g, ncount:          448          40
 WSG: g, ncount:          449          54
 WSG: g, ncount:          450          42
 WSG: g, ncount:          451          47
 WSG: g, ncount:          452          81
 WSG: g, ncount:          453          75
 WSG: g, ncount:          454          92
 WSG: g, ncount:          455         109
 WSG: g, ncount:          456          47
 WSG: g, ncount:          457         132
 WSG: g, ncount:          458         151
 WSG: g, ncount:          459         102
 WSG: g, ncount:          460         147
 WSG: g, ncount:          461         131
 WSG: g, ncount:          462         142
 WSG: g, ncount:          463         386
 WSG: g, ncount:          464         399
 WSG: g, ncount:          465         382
 WSG: g, ncount:          466         351
 WSG: g, ncount:          467         315
 WSG: g, ncount:          468         236
 WSG: g, ncount:          469          41
 WSG: g, ncount:          470          47
 WSG: g, ncount:          471          51
 WSG: g, ncount:          472          50
 WSG: g, ncount:          473          79
 WSG: g, ncount:          474          73
 WSG: g, ncount:          475          94
 WSG: g, ncount:          476         109
 WSG: g, ncount:          477          76
 WSG: g, ncount:          478         129
 WSG: g, ncount:          479         155
 WSG: g, ncount:          480         104
 WSG: g, ncount:          481         145
 WSG: g, ncount:          482         130
 WSG: g, ncount:          483         143
 WSG: g, ncount:          484         386
 WSG: g, ncount:          485         397
 WSG: g, ncount:          486         381
 WSG: g, ncount:          487         350
 WSG: g, ncount:          488         313
 WSG: g, ncount:          489         237
 WSG: g, ncount:          490          38
 WSG: g, ncount:          491          40
 WSG: g, ncount:          492          58
 WSG: g, ncount:          493          50
 WSG: g, ncount:          494          75
 WSG: g, ncount:          495          73
 WSG: g, ncount:          496          96
 WSG: g, ncount:          497         109
 WSG: g, ncount:          498          84
 WSG: g, ncount:          499         126
 WSG: g, ncount:          500         155
 WSG: g, ncount:          501         128
 WSG: g, ncount:          502         144
 WSG: g, ncount:          503         130
 WSG: g, ncount:          504         144
 WSG: g, ncount:          505         386
 WSG: g, ncount:          506         395
 WSG: g, ncount:          507         379
 WSG: g, ncount:          508         348
 WSG: g, ncount:          509         310
 WSG: g, ncount:          510         238
 WSG: g, ncount:          511          32
 WSG: g, ncount:          512          48
 WSG: g, ncount:          513          64
 WSG: g, ncount:          514          46
 WSG: g, ncount:          515          69
 WSG: g, ncount:          516          74
 WSG: g, ncount:          517          96
 WSG: g, ncount:          518         109
 WSG: g, ncount:          519          92
 WSG: g, ncount:          520         120
 WSG: g, ncount:          521         152
 WSG: g, ncount:          522         130
 WSG: g, ncount:          523         145
 WSG: g, ncount:          524         129
 WSG: g, ncount:          525         146
 WSG: g, ncount:          526         386
 WSG: g, ncount:          527         393
 WSG: g, ncount:          528         377
 WSG: g, ncount:          529         346
 WSG: g, ncount:          530         307
 WSG: g, ncount:          531         243
 WSG: g, ncount:          532          39
 WSG: g, ncount:          533          59
 WSG: g, ncount:          534          69
 WSG: g, ncount:          535          41
 WSG: g, ncount:          536          64
 WSG: g, ncount:          537          75
 WSG: g, ncount:          538          94
 WSG: g, ncount:          539         110
 WSG: g, ncount:          540         100
 WSG: g, ncount:          541         113
 WSG: g, ncount:          542         145
 WSG: g, ncount:          543         132
 WSG: g, ncount:          544         145
 WSG: g, ncount:          545         128
 WSG: g, ncount:          546         148
 WSG: g, ncount:          547         386
 WSG: g, ncount:          548         392
 WSG: g, ncount:          549         375
 WSG: g, ncount:          550         344
 WSG: g, ncount:          551         305
 WSG: g, ncount:          552         244
 WSG: g, ncount:          553          46
 WSG: g, ncount:          554          67
 WSG: g, ncount:          555          65
 WSG: g, ncount:          556          46
 WSG: g, ncount:          557          61
 WSG: g, ncount:          558          78
 WSG: g, ncount:          559          89
 WSG: g, ncount:          560         110
 WSG: g, ncount:          561         106
 WSG: g, ncount:          562         105
 WSG: g, ncount:          563         137
 WSG: g, ncount:          564         135
 WSG: g, ncount:          565         146
 WSG: g, ncount:          566         128
 WSG: g, ncount:          567         386
 WSG: g, ncount:          568         391
 WSG: g, ncount:          569         374
 WSG: g, ncount:          570         343
 WSG: g, ncount:          571         304
 WSG: g, ncount:          572         138
 WSG: g, ncount:          573          50
 WSG: g, ncount:          574          70
 WSG: g, ncount:          575          55
 WSG: g, ncount:          576          50
 WSG: g, ncount:          577          58
 WSG: g, ncount:          578          83
 WSG: g, ncount:          579          85
 WSG: g, ncount:          580         110
 WSG: g, ncount:          581         112
 WSG: g, ncount:          582          81
 WSG: g, ncount:          583         130
 WSG: g, ncount:          584         138
 WSG: g, ncount:          585         147
 WSG: g, ncount:          586         151
 WSG: g, ncount:          587         386
 WSG: g, ncount:          588         390
 WSG: g, ncount:          589         373
 WSG: g, ncount:          590         342
 WSG: g, ncount:          591         303
 WSG: g, ncount:          592         139
 WSG: g, ncount:          593          50
 WSG: g, ncount:          594          67
 WSG: g, ncount:          595          45
 WSG: g, ncount:          596          52
 WSG: g, ncount:          597          52
 WSG: g, ncount:          598          82
 WSG: g, ncount:          599          80
 WSG: g, ncount:          600         110
 WSG: g, ncount:          601         118
 WSG: g, ncount:          602          74
 WSG: g, ncount:          603         124
 WSG: g, ncount:          604         138
 WSG: g, ncount:          605         148
 WSG: g, ncount:          606         153
 WSG: g, ncount:          607         386
 WSG: g, ncount:          608         389
 WSG: g, ncount:          609         372
 WSG: g, ncount:          610         341
 WSG: g, ncount:          611         302
 WSG: g, ncount:          612         140
 WSG: g, ncount:          613          50
 WSG: g, ncount:          614          60
 WSG: g, ncount:          615          35
 WSG: g, ncount:          616          51
 WSG: g, ncount:          617          56
 WSG: g, ncount:          618          77
 WSG: g, ncount:          619          71
 WSG: g, ncount:          620         110
 WSG: g, ncount:          621         122
 WSG: g, ncount:          622          61
 WSG: g, ncount:          623         117
 WSG: g, ncount:          624         137
 WSG: g, ncount:          625         148
 WSG: g, ncount:          626         157
 WSG: g, ncount:          627         386
 WSG: g, ncount:          628         387
 WSG: g, ncount:          629         371
 WSG: g, ncount:          630         340
 WSG: g, ncount:          631         301
 WSG: g, ncount:          632         145
 WSG: g, ncount:          633          45
 WSG: g, ncount:          634          49
 WSG: g, ncount:          635          26
 WSG: g, ncount:          636          49
 WSG: g, ncount:          637          60
 WSG: g, ncount:          638          74
 WSG: g, ncount:          639          61
 WSG: g, ncount:          640         106
 WSG: g, ncount:          641         125
 WSG: g, ncount:          642          64
 WSG: g, ncount:          643          90
 WSG: g, ncount:          644         137
 WSG: g, ncount:          645         147
 WSG: g, ncount:          646         159
 WSG: g, ncount:          647         386
 WSG: g, ncount:          648         385
 WSG: g, ncount:          649         369
 WSG: g, ncount:          650         338
 WSG: g, ncount:          651         299
 WSG: g, ncount:          652         146
 WSG: g, ncount:          653          42
 WSG: g, ncount:          654          38
 WSG: g, ncount:          655          58
 WSG: g, ncount:          656          43
 WSG: g, ncount:          657          65
 WSG: g, ncount:          658          69
 WSG: g, ncount:          659          43
 WSG: g, ncount:          660         102
 WSG: g, ncount:          661         127
 WSG: g, ncount:          662          97
 WSG: g, ncount:          663          95
 WSG: g, ncount:          664         139
 WSG: g, ncount:          665         146
 WSG: g, ncount:          666         160
 WSG: g, ncount:          667         386
 WSG: g, ncount:          668         383
 WSG: g, ncount:          669         367
 WSG: g, ncount:          670         336
 WSG: g, ncount:          671         297
 WSG: g, ncount:          672         146
 WSG: g, ncount:          673          50
 WSG: g, ncount:          674          45
 WSG: g, ncount:          675          65
 WSG: g, ncount:          676          25
 WSG: g, ncount:          677          67
 WSG: g, ncount:          678          65
 WSG: g, ncount:          679          33
 WSG: g, ncount:          680          96
 WSG: g, ncount:          681         128
 WSG: g, ncount:          682         107
 WSG: g, ncount:          683         114
 WSG: g, ncount:          684         142
 WSG: g, ncount:          685         146
 WSG: g, ncount:          686         161
 WSG: g, ncount:          687         386
 WSG: g, ncount:          688         381
 WSG: g, ncount:          689         365
 WSG: g, ncount:          690         334
 WSG: g, ncount:          691         295
 WSG: g, ncount:          692         146
 WSG: g, ncount:          693          53
 WSG: g, ncount:          694          55
 WSG: g, ncount:          695          72
 WSG: g, ncount:          696          33
 WSG: g, ncount:          697          67
 WSG: g, ncount:          698          58
 WSG: g, ncount:          699          50
 WSG: g, ncount:          700          86
 WSG: g, ncount:          701         129
 WSG: g, ncount:          702         114
 WSG: g, ncount:          703         116
 WSG: g, ncount:          704         144
 WSG: g, ncount:          705         144
 WSG: g, ncount:          706         160
 WSG: g, ncount:          707         386
 WSG: g, ncount:          708         380
 WSG: g, ncount:          709         362
 WSG: g, ncount:          710         332
 WSG: g, ncount:          711         293
 WSG: g, ncount:          712         146
 WSG: g, ncount:          713          54
 WSG: g, ncount:          714          62
 WSG: g, ncount:          715          75
 WSG: g, ncount:          716          43
 WSG: g, ncount:          717          66
 WSG: g, ncount:          718          40
 WSG: g, ncount:          719          59
 WSG: g, ncount:          720          77
 WSG: g, ncount:          721         129
 WSG: g, ncount:          722         120
 WSG: g, ncount:          723         119
 WSG: g, ncount:          724         147
 WSG: g, ncount:          725         142
 WSG: g, ncount:          726         160
 WSG: g, ncount:          727         386
 WSG: g, ncount:          728         379
 WSG: g, ncount:          729         359
 WSG: g, ncount:          730         330
 WSG: g, ncount:          731         276
 WSG: g, ncount:          732         144
 WSG: g, ncount:          733          53
 WSG: g, ncount:          734          67
 WSG: g, ncount:          735          74
 WSG: g, ncount:          736          58
 WSG: g, ncount:          737          64
 WSG: g, ncount:          738          48
 WSG: g, ncount:          739          67
 WSG: g, ncount:          740          70
 WSG: g, ncount:          741         129
 WSG: g, ncount:          742         127
 WSG: g, ncount:          743         122
 WSG: g, ncount:          744         149
 WSG: g, ncount:          745         140
 WSG: g, ncount:          746         159
 WSG: g, ncount:          747         386
 WSG: g, ncount:          748         378
 WSG: g, ncount:          749         356
 WSG: g, ncount:          750         328
 WSG: g, ncount:          751         275
 WSG: g, ncount:          752         141
 WSG: g, ncount:          753          48
 WSG: g, ncount:          754          71
 WSG: g, ncount:          755          69
 WSG: g, ncount:          756          66
 WSG: g, ncount:          757          49
 WSG: g, ncount:          758          55
 WSG: g, ncount:          759          74
 WSG: g, ncount:          760          61
 WSG: g, ncount:          761         130
 WSG: g, ncount:          762         133
 WSG: g, ncount:          763         126
 WSG: g, ncount:          764         151
 WSG: g, ncount:          765         139
 WSG: g, ncount:          766         157
 WSG: g, ncount:          767         386
 WSG: g, ncount:          768         376
 WSG: g, ncount:          769         353
 WSG: g, ncount:          770         326
 WSG: g, ncount:          771         274
 WSG: g, ncount:          772         138
 WSG: g, ncount:          773          39
 WSG: g, ncount:          774          63
 WSG: g, ncount:          775          60
 WSG: g, ncount:          776          70
 WSG: g, ncount:          777          43
 WSG: g, ncount:          778          58
 WSG: g, ncount:          779          82
 WSG: g, ncount:          780          69
 WSG: g, ncount:          781         130
 WSG: g, ncount:          782         138
 WSG: g, ncount:          783         126
 WSG: g, ncount:          784         151
 WSG: g, ncount:          785         138
 WSG: g, ncount:          786         152
 WSG: g, ncount:          787         386
 WSG: g, ncount:          788         374
 WSG: g, ncount:          789         350
 WSG: g, ncount:          790         324
 WSG: g, ncount:          791         273
 WSG: g, ncount:          792         136
 WSG: g, ncount:          793          43
 WSG: g, ncount:          794          53
 WSG: g, ncount:          795          50
 WSG: g, ncount:          796          74
 WSG: g, ncount:          797          37
 WSG: g, ncount:          798          61
 WSG: g, ncount:          799          83
 WSG: g, ncount:          800          79
 WSG: g, ncount:          801         130
 WSG: g, ncount:          802         136
 WSG: g, ncount:          803         125
 WSG: g, ncount:          804         151
 WSG: g, ncount:          805         135
 WSG: g, ncount:          806         144
 WSG: g, ncount:          807         386
 WSG: g, ncount:          808         372
 WSG: g, ncount:          809         349
 WSG: g, ncount:          810         322
 WSG: g, ncount:          811         272
 WSG: g, ncount:          812         134
 WSG: g, ncount:          813          47
 WSG: g, ncount:          814          32
 WSG: g, ncount:          815          36
 WSG: g, ncount:          816          78
 WSG: g, ncount:          817          41
 WSG: g, ncount:          818          61
 WSG: g, ncount:          819          81
 WSG: g, ncount:          820          88
 WSG: g, ncount:          821         130
 WSG: g, ncount:          822         133
 WSG: g, ncount:          823         129
 WSG: g, ncount:          824         149
 WSG: g, ncount:          825         132
 WSG: g, ncount:          826         140
 WSG: g, ncount:          827         386
 WSG: g, ncount:          828         370
 WSG: g, ncount:          829         348
 WSG: g, ncount:          830         319
 WSG: g, ncount:          831         271
 WSG: g, ncount:          832         132
 WSG: g, ncount:          833          49
 WSG: g, ncount:          834          61
 WSG: g, ncount:          835          39
 WSG: g, ncount:          836          81
 WSG: g, ncount:          837          46
 WSG: g, ncount:          838          56
 WSG: g, ncount:          839          76
 WSG: g, ncount:          840          96
 WSG: g, ncount:          841         130
 WSG: g, ncount:          842         128
 WSG: g, ncount:          843         134
 WSG: g, ncount:          844         147
 WSG: g, ncount:          845         129
 WSG: g, ncount:          846         137
 WSG: g, ncount:          847         386
 WSG: g, ncount:          848         368
 WSG: g, ncount:          849         347
 WSG: g, ncount:          850         317
 WSG: g, ncount:          851         270
 WSG: g, ncount:          852         130
 WSG: g, ncount:          853          44
 WSG: g, ncount:          854          64
 WSG: g, ncount:          855          44
 WSG: g, ncount:          856          81
 WSG: g, ncount:          857          50
 WSG: g, ncount:          858          41
 WSG: g, ncount:          859          69
 WSG: g, ncount:          860         104
 WSG: g, ncount:          861         130
 WSG: g, ncount:          862         121
 WSG: g, ncount:          863         140
 WSG: g, ncount:          864         146
 WSG: g, ncount:          865         125
 WSG: g, ncount:          866         135
 WSG: g, ncount:          867         386
 WSG: g, ncount:          868         366
 WSG: g, ncount:          869         345
 WSG: g, ncount:          870         315
 WSG: g, ncount:          871         270
 WSG: g, ncount:          872         127
 WSG: g, ncount:          873          31
 WSG: g, ncount:          874          59
 WSG: g, ncount:          875          48
 WSG: g, ncount:          876          74
 WSG: g, ncount:          877          51
 WSG: g, ncount:          878          51
 WSG: g, ncount:          879          60
 WSG: g, ncount:          880         104
 WSG: g, ncount:          881         130
 WSG: g, ncount:          882         113
 WSG: g, ncount:          883         145
 WSG: g, ncount:          884         145
 WSG: g, ncount:          885         121
 WSG: g, ncount:          886         134
 WSG: g, ncount:          887         386
 WSG: g, ncount:          888         365
 WSG: g, ncount:          889         343
 WSG: g, ncount:          890         313
 WSG: g, ncount:          891         271
 WSG: g, ncount:          892         119
 WSG: g, ncount:          893          23
 WSG: g, ncount:          894          51
 WSG: g, ncount:          895          49
 WSG: g, ncount:          896          67
 WSG: g, ncount:          897          46
 WSG: g, ncount:          898          61
 WSG: g, ncount:          899          61
 WSG: g, ncount:          900          99
 WSG: g, ncount:          901         128
 WSG: g, ncount:          902         105
 WSG: g, ncount:          903         149
 WSG: g, ncount:          904         145
 WSG: g, ncount:          905         117
 WSG: g, ncount:          906         133
 WSG: g, ncount:          907         386
 WSG: g, ncount:          908         364
 WSG: g, ncount:          909         342
 WSG: g, ncount:          910         311
 WSG: g, ncount:          911         272
 WSG: g, ncount:          912         120
 WSG: g, ncount:          913          35
 WSG: g, ncount:          914          42
 WSG: g, ncount:          915          48
 WSG: g, ncount:          916          59
 WSG: g, ncount:          917          43
 WSG: g, ncount:          918          70
 WSG: g, ncount:          919          94
 WSG: g, ncount:          920          94
 WSG: g, ncount:          921         123
 WSG: g, ncount:          922          96
 WSG: g, ncount:          923         149
 WSG: g, ncount:          924         143
 WSG: g, ncount:          925         114
 WSG: g, ncount:          926         132
 WSG: g, ncount:          927         386
 WSG: g, ncount:          928         363
 WSG: g, ncount:          929         341
 WSG: g, ncount:          930         310
 WSG: g, ncount:          931         274
 WSG: g, ncount:          932         120
 WSG: g, ncount:          933          41
 WSG: g, ncount:          934          38
 WSG: g, ncount:          935          48
 WSG: g, ncount:          936          50
 WSG: g, ncount:          937          37
 WSG: g, ncount:          938          78
 WSG: g, ncount:          939          95
 WSG: g, ncount:          940          86
 WSG: g, ncount:          941         117
 WSG: g, ncount:          942          89
 WSG: g, ncount:          943         148
 WSG: g, ncount:          944         142
 WSG: g, ncount:          945         113
 WSG: g, ncount:          946         131
 WSG: g, ncount:          947         386
 WSG: g, ncount:          948         363
 WSG: g, ncount:          949         341
 WSG: g, ncount:          950         310
 WSG: g, ncount:          951         276
 WSG: g, ncount:          952          74
 WSG: g, ncount:          953          49
 WSG: g, ncount:          954          49
 WSG: g, ncount:          955          44
 WSG: g, ncount:          956          34
 WSG: g, ncount:          957          45
 WSG: g, ncount:          958          84
 WSG: g, ncount:          959          96
 WSG: g, ncount:          960          75
 WSG: g, ncount:          961         113
 WSG: g, ncount:          962          83
 WSG: g, ncount:          963         148
 WSG: g, ncount:          964         141
 WSG: g, ncount:          965         113
 WSG: g, ncount:          966         131
 WSG: g, ncount:          967         386
 WSG: g, ncount:          968         364
 WSG: g, ncount:          969         341
 WSG: g, ncount:          970         310
 WSG: g, ncount:          971         278
 WSG: g, ncount:          972          74
 WSG: g, ncount:          973          54
 WSG: g, ncount:          974          60
 WSG: g, ncount:          975          36
 WSG: g, ncount:          976          38
 WSG: g, ncount:          977          54
 WSG: g, ncount:          978          87
 WSG: g, ncount:          979          97
 WSG: g, ncount:          980          66
 WSG: g, ncount:          981         108
 WSG: g, ncount:          982          71
 WSG: g, ncount:          983         148
 WSG: g, ncount:          984         137
 WSG: g, ncount:          985         114
 WSG: g, ncount:          986         132
 WSG: g, ncount:          987         386
 WSG: g, ncount:          988         365
 WSG: g, ncount:          989         341
 WSG: g, ncount:          990         310
 WSG: g, ncount:          991         280
 WSG: g, ncount:          992          35
 WSG: g, ncount:          993          55
 WSG: g, ncount:          994          70
 WSG: g, ncount:          995          26
 WSG: g, ncount:          996          43
 WSG: g, ncount:          997          66
 WSG: g, ncount:          998          89
 WSG: g, ncount:          999          98
 WSG: g, ncount:         1000          53
 WSG: g, ncount:         1001         101
 WSG: g, ncount:         1002          76
 WSG: g, ncount:         1003         149
 WSG: g, ncount:         1004         131
 WSG: g, ncount:         1005         115
 WSG: g, ncount:         1006         151
 WSG: g, ncount:         1007         386
 WSG: g, ncount:         1008         366
 WSG: g, ncount:         1009         340
 WSG: g, ncount:         1010         309
 WSG: g, ncount:         1011         282
 WSG: g, ncount:         1012          35
 WSG: g, ncount:         1013          53
 WSG: g, ncount:         1014          73
 WSG: g, ncount:         1015          44
 WSG: g, ncount:         1016          57
 WSG: g, ncount:         1017          73
 WSG: g, ncount:         1018          89
 WSG: g, ncount:         1019          99
 WSG: g, ncount:         1020          63
 WSG: g, ncount:         1021          94
 WSG: g, ncount:         1022         101
 WSG: g, ncount:         1023         150
 WSG: g, ncount:         1024         125
 WSG: g, ncount:         1025         114
 WSG: g, ncount:         1026         152
 WSG: g, ncount:         1027         386
 WSG: g, ncount:         1028         366
 WSG: g, ncount:         1029         339
 WSG: g, ncount:         1030         309
 WSG: g, ncount:         1031         284
 WSG: g, ncount:         1032          35
 WSG: g, ncount:         1033          48
 WSG: g, ncount:         1034          69
 WSG: g, ncount:         1035          52
 WSG: g, ncount:         1036          60
 WSG: g, ncount:         1037          74
 WSG: g, ncount:         1038          90
 WSG: g, ncount:         1039          99
 WSG: g, ncount:         1040          72
 WSG: g, ncount:         1041          88
 WSG: g, ncount:         1042         104
 WSG: g, ncount:         1043         151
 WSG: g, ncount:         1044         120
 WSG: g, ncount:         1045         114
 WSG: g, ncount:         1046         154
 WSG: g, ncount:         1047         386
 WSG: g, ncount:         1048         366
 WSG: g, ncount:         1049         339
 WSG: g, ncount:         1050         309
 WSG: g, ncount:         1051         286
 WSG: g, ncount:         1052          30
 WSG: g, ncount:         1053          41
 WSG: g, ncount:         1054          60
 WSG: g, ncount:         1055          56
 WSG: g, ncount:         1056          57
 WSG: g, ncount:         1057          76
 WSG: g, ncount:         1058          91
 WSG: g, ncount:         1059          99
 WSG: g, ncount:         1060          80
 WSG: g, ncount:         1061          68
 WSG: g, ncount:         1062         109
 WSG: g, ncount:         1063         152
 WSG: g, ncount:         1064         115
 WSG: g, ncount:         1065         118
 WSG: g, ncount:         1066         154
 WSG: g, ncount:         1067         386
 WSG: g, ncount:         1068         366
 WSG: g, ncount:         1069         340
 WSG: g, ncount:         1070         308
 WSG: g, ncount:         1071         288
 WSG: g, ncount:         1072          31
 WSG: g, ncount:         1073          54
 WSG: g, ncount:         1074          49
 WSG: g, ncount:         1075          60
 WSG: g, ncount:         1076          38
 WSG: g, ncount:         1077          78
 WSG: g, ncount:         1078          91
 WSG: g, ncount:         1079          99
 WSG: g, ncount:         1080          88
 WSG: g, ncount:         1081          61
 WSG: g, ncount:         1082         116
 WSG: g, ncount:         1083         150
 WSG: g, ncount:         1084         111
 WSG: g, ncount:         1085         121
 WSG: g, ncount:         1086         148
 WSG: g, ncount:         1087         386
 WSG: g, ncount:         1088         366
 WSG: g, ncount:         1089         341
 WSG: g, ncount:         1090         309
 WSG: g, ncount:         1091         291
 WSG: g, ncount:         1092          32
 WSG: g, ncount:         1093          58
 WSG: g, ncount:         1094          38
 WSG: g, ncount:         1095          63
 WSG: g, ncount:         1096          40
 WSG: g, ncount:         1097          79
 WSG: g, ncount:         1098          88
 WSG: g, ncount:         1099          99
 WSG: g, ncount:         1100          96
 WSG: g, ncount:         1101          85
 WSG: g, ncount:         1102         122
 WSG: g, ncount:         1103         148
 WSG: g, ncount:         1104         106
 WSG: g, ncount:         1105         125
 WSG: g, ncount:         1106         148
 WSG: g, ncount:         1107         386
 WSG: g, ncount:         1108         366
 WSG: g, ncount:         1109         341
 WSG: g, ncount:         1110         310
 WSG: g, ncount:         1111         292
 WSG: g, ncount:         1112          15
 WSG: g, ncount:         1113          60
 WSG: g, ncount:         1114          49
 WSG: g, ncount:         1115          58
 WSG: g, ncount:         1116          44
 WSG: g, ncount:         1117          80
 WSG: g, ncount:         1118          86
 WSG: g, ncount:         1119          99
 WSG: g, ncount:         1120         104
 WSG: g, ncount:         1121          93
 WSG: g, ncount:         1122         128
 WSG: g, ncount:         1123         146
 WSG: g, ncount:         1124         102
 WSG: g, ncount:         1125         128
 WSG: g, ncount:         1126         148
 WSG: g, ncount:         1127         386
 WSG: g, ncount:         1128         366
 WSG: g, ncount:         1129         342
 WSG: g, ncount:         1130         311
 WSG: g, ncount:         1131         293
 WSG: g, ncount:         1132          12
 WSG: g, ncount:         1133          57
 WSG: g, ncount:         1134          58
 WSG: g, ncount:         1135          50
 WSG: g, ncount:         1136          46
 WSG: g, ncount:         1137          80
 WSG: g, ncount:         1138          85
 WSG: g, ncount:         1139          99
 WSG: g, ncount:         1140         108
 WSG: g, ncount:         1141          99
 WSG: g, ncount:         1142         131
 WSG: g, ncount:         1143         142
 WSG: g, ncount:         1144          99
 WSG: g, ncount:         1145         132
 WSG: g, ncount:         1146         146
 WSG: g, ncount:         1147         386
 WSG: g, ncount:         1148         366
 WSG: g, ncount:         1149         343
 WSG: g, ncount:         1150         312
 WSG: g, ncount:         1151         295
 WSG: g, ncount:         1152           9
 WSG: g, ncount:         1153          52
 WSG: g, ncount:         1154          66
 WSG: g, ncount:         1155          41
 WSG: g, ncount:         1156          47
 WSG: g, ncount:         1157          77
 WSG: g, ncount:         1158          85
 WSG: g, ncount:         1159         100
 WSG: g, ncount:         1160         111
 WSG: g, ncount:         1161         105
 WSG: g, ncount:         1162         135
 WSG: g, ncount:         1163         138
 WSG: g, ncount:         1164          96
 WSG: g, ncount:         1165         136
 WSG: g, ncount:         1166         145
 WSG: g, ncount:         1167         386
 WSG: g, ncount:         1168         366
 WSG: g, ncount:         1169         344
 WSG: g, ncount:         1170         314
 WSG: g, ncount:         1171         297
 WSG: g, ncount:         1172          30
 WSG: g, ncount:         1173          45
 WSG: g, ncount:         1174          70
 WSG: g, ncount:         1175          32
 WSG: g, ncount:         1176          48
 WSG: g, ncount:         1177          72
 WSG: g, ncount:         1178          85
 WSG: g, ncount:         1179         102
 WSG: g, ncount:         1180         113
 WSG: g, ncount:         1181         112
 WSG: g, ncount:         1182         139
 WSG: g, ncount:         1183         134
 WSG: g, ncount:         1184          95
 WSG: g, ncount:         1185         141
 WSG: g, ncount:         1186         159
 WSG: g, ncount:         1187         386
 WSG: g, ncount:         1188         366
 WSG: g, ncount:         1189         345
 WSG: g, ncount:         1190         316
 WSG: g, ncount:         1191         298
 WSG: g, ncount:         1192          33
 WSG: g, ncount:         1193          36
 WSG: g, ncount:         1194          72
 WSG: g, ncount:         1195          62
 WSG: g, ncount:         1196          45
 WSG: g, ncount:         1197          68
 WSG: g, ncount:         1198          85
 WSG: g, ncount:         1199         102
 WSG: g, ncount:         1200         114
 WSG: g, ncount:         1201         120
 WSG: g, ncount:         1202         142
 WSG: g, ncount:         1203         128
 WSG: g, ncount:         1204          96
 WSG: g, ncount:         1205         146
 WSG: g, ncount:         1206         158
 WSG: g, ncount:         1207         386
 WSG: g, ncount:         1208         366
 WSG: g, ncount:         1209         346
 WSG: g, ncount:         1210         318
 WSG: g, ncount:         1211         243
 WSG: g, ncount:         1212          34
 WSG: g, ncount:         1213          44
 WSG: g, ncount:         1214          66
 WSG: g, ncount:         1215          68
 WSG: g, ncount:         1216          40
 WSG: g, ncount:         1217          66
 WSG: g, ncount:         1218          86
 WSG: g, ncount:         1219         102
 WSG: g, ncount:         1220         115
 WSG: g, ncount:         1221         126
 WSG: g, ncount:         1222         144
 WSG: g, ncount:         1223         120
 WSG: g, ncount:         1224          96
 WSG: g, ncount:         1225         150
 WSG: g, ncount:         1226         156
 WSG: g, ncount:         1227         386
 WSG: g, ncount:         1228         367
 WSG: g, ncount:         1229         347
 WSG: g, ncount:         1230         320
 WSG: g, ncount:         1231         242
 WSG: g, ncount:         1232          31
 WSG: g, ncount:         1233          48
 WSG: g, ncount:         1234          56
 WSG: g, ncount:         1235          74
 WSG: g, ncount:         1236          30
 WSG: g, ncount:         1237          64
 WSG: g, ncount:         1238          87
 WSG: g, ncount:         1239         101
 WSG: g, ncount:         1240         116
 WSG: g, ncount:         1241         128
 WSG: g, ncount:         1242         146
 WSG: g, ncount:         1243         111
 WSG: g, ncount:         1244          97
 WSG: g, ncount:         1245         156
 WSG: g, ncount:         1246         154
 WSG: g, ncount:         1247         386
 WSG: g, ncount:         1248         368
 WSG: g, ncount:         1249         348
 WSG: g, ncount:         1250         322
 WSG: g, ncount:         1251         241
 WSG: g, ncount:         1252          28
 WSG: g, ncount:         1253          53
 WSG: g, ncount:         1254          41
 WSG: g, ncount:         1255          78
 WSG: g, ncount:         1256          38
 WSG: g, ncount:         1257          61
 WSG: g, ncount:         1258          88
 WSG: g, ncount:         1259          95
 WSG: g, ncount:         1260         117
 WSG: g, ncount:         1261         122
 WSG: g, ncount:         1262         148
 WSG: g, ncount:         1263         104
 WSG: g, ncount:         1264         101
 WSG: g, ncount:         1265         160
 WSG: g, ncount:         1266         152
 WSG: g, ncount:         1267         386
 WSG: g, ncount:         1268         369
 WSG: g, ncount:         1269         349
 WSG: g, ncount:         1270         324
 WSG: g, ncount:         1271         242
 WSG: g, ncount:         1272          12
 WSG: g, ncount:         1273          55
 WSG: g, ncount:         1274          46
 WSG: g, ncount:         1275          76
 WSG: g, ncount:         1276          48
 WSG: g, ncount:         1277          61
 WSG: g, ncount:         1278          91
 WSG: g, ncount:         1279          91
 WSG: g, ncount:         1280         118
 WSG: g, ncount:         1281         114
 WSG: g, ncount:         1282         150
 WSG: g, ncount:         1283          99
 WSG: g, ncount:         1284         105
 WSG: g, ncount:         1285         163
 WSG: g, ncount:         1286         151
 WSG: g, ncount:         1287         386
 WSG: g, ncount:         1288         370
 WSG: g, ncount:         1289         351
 WSG: g, ncount:         1290         326
 WSG: g, ncount:         1291         243
 WSG: g, ncount:         1292           9
 WSG: g, ncount:         1293          50
 WSG: g, ncount:         1294          51
 WSG: g, ncount:         1295          70
 WSG: g, ncount:         1296          63
 WSG: g, ncount:         1297          63
 WSG: g, ncount:         1298          91
 WSG: g, ncount:         1299          87
 WSG: g, ncount:         1300         118
 WSG: g, ncount:         1301         105
 WSG: g, ncount:         1302         152
 WSG: g, ncount:         1303          95
 WSG: g, ncount:         1304         109
 WSG: g, ncount:         1305         165
 WSG: g, ncount:         1306         148
 WSG: g, ncount:         1307         386
 WSG: g, ncount:         1308         371
 WSG: g, ncount:         1309         353
 WSG: g, ncount:         1310         328
 WSG: g, ncount:         1311         246
 WSG: g, ncount:         1312          30
 WSG: g, ncount:         1313          33
 WSG: g, ncount:         1314          45
 WSG: g, ncount:         1315          62
 WSG: g, ncount:         1316          73
 WSG: g, ncount:         1317          67
 WSG: g, ncount:         1318          87
 WSG: g, ncount:         1319          78
 WSG: g, ncount:         1320         118
 WSG: g, ncount:         1321          97
 WSG: g, ncount:         1322         154
 WSG: g, ncount:         1323          91
 WSG: g, ncount:         1324         113
 WSG: g, ncount:         1325         168
 WSG: g, ncount:         1326         146
 WSG: g, ncount:         1327         386
 WSG: g, ncount:         1328         372
 WSG: g, ncount:         1329         355
 WSG: g, ncount:         1330         329
 WSG: g, ncount:         1331         249
 WSG: g, ncount:         1332          34
 WSG: g, ncount:         1333          24
 WSG: g, ncount:         1334          36
 WSG: g, ncount:         1335          53
 WSG: g, ncount:         1336          75
 WSG: g, ncount:         1337          72
 WSG: g, ncount:         1338          83
 WSG: g, ncount:         1339          68
 WSG: g, ncount:         1340         118
 WSG: g, ncount:         1341          89
 WSG: g, ncount:         1342         155
 WSG: g, ncount:         1343          86
 WSG: g, ncount:         1344         118
 WSG: g, ncount:         1345         166
 WSG: g, ncount:         1346         143
 WSG: g, ncount:         1347         386
 WSG: g, ncount:         1348         373
 WSG: g, ncount:         1349         357
 WSG: g, ncount:         1350         330
 WSG: g, ncount:         1351         252
 WSG: g, ncount:         1352          36
 WSG: g, ncount:         1353          39
 WSG: g, ncount:         1354          30
 WSG: g, ncount:         1355          43
 WSG: g, ncount:         1356          77
 WSG: g, ncount:         1357          72
 WSG: g, ncount:         1358          80
 WSG: g, ncount:         1359          50
 WSG: g, ncount:         1360         118
 WSG: g, ncount:         1361          80
 WSG: g, ncount:         1362         156
 WSG: g, ncount:         1363          83
 WSG: g, ncount:         1364         123
 WSG: g, ncount:         1365         163
 WSG: g, ncount:         1366         141
 WSG: g, ncount:         1367         386
 WSG: g, ncount:         1368         374
 WSG: g, ncount:         1369         359
 WSG: g, ncount:         1370         331
 WSG: g, ncount:         1371         255
 WSG: g, ncount:         1372          39
 WSG: g, ncount:         1373          45
 WSG: g, ncount:         1374          41
 WSG: g, ncount:         1375          40
 WSG: g, ncount:         1376          79
 WSG: g, ncount:         1377          71
 WSG: g, ncount:         1378          74
 WSG: g, ncount:         1379          42
 WSG: g, ncount:         1380         118
 WSG: g, ncount:         1381          71
 WSG: g, ncount:         1382         158
 WSG: g, ncount:         1383          81
 WSG: g, ncount:         1384         130
 WSG: g, ncount:         1385         159
 WSG: g, ncount:         1386         139
 WSG: g, ncount:         1387         386
 WSG: g, ncount:         1388         375
 WSG: g, ncount:         1389         361
 WSG: g, ncount:         1390         332
 WSG: g, ncount:         1391         258
 WSG: g, ncount:         1392          36
 WSG: g, ncount:         1393          53
 WSG: g, ncount:         1394          51
 WSG: g, ncount:         1395          42
 WSG: g, ncount:         1396          81
 WSG: g, ncount:         1397          68
 WSG: g, ncount:         1398          65
 WSG: g, ncount:         1399          49
 WSG: g, ncount:         1400         118
 WSG: g, ncount:         1401          63
 WSG: g, ncount:         1402         158
 WSG: g, ncount:         1403          80
 WSG: g, ncount:         1404         137
 WSG: g, ncount:         1405         157
 WSG: g, ncount:         1406         136
 WSG: g, ncount:         1407         386
 WSG: g, ncount:         1408         376
 WSG: g, ncount:         1409         363
 WSG: g, ncount:         1410         334
 WSG: g, ncount:         1411         260
 WSG: g, ncount:         1412          34
 WSG: g, ncount:         1413          59
 WSG: g, ncount:         1414          61
 WSG: g, ncount:         1415          47
 WSG: g, ncount:         1416          81
 WSG: g, ncount:         1417          65
 WSG: g, ncount:         1418          50
 WSG: g, ncount:         1419          58
 WSG: g, ncount:         1420         118
 WSG: g, ncount:         1421          69
 WSG: g, ncount:         1422         156
 WSG: g, ncount:         1423          82
 WSG: g, ncount:         1424         142
 WSG: g, ncount:         1425         154
 WSG: g, ncount:         1426         134
 WSG: g, ncount:         1427         386
 WSG: g, ncount:         1428         378
 WSG: g, ncount:         1429         365
 WSG: g, ncount:         1430         336
 WSG: g, ncount:         1431         262
 WSG: g, ncount:         1432           9
 WSG: g, ncount:         1433          61
 WSG: g, ncount:         1434          69
 WSG: g, ncount:         1435          48
 WSG: g, ncount:         1436          77
 WSG: g, ncount:         1437          59
 WSG: g, ncount:         1438          58
 WSG: g, ncount:         1439          68
 WSG: g, ncount:         1440         118
 WSG: g, ncount:         1441          82
 WSG: g, ncount:         1442         152
 WSG: g, ncount:         1443          85
 WSG: g, ncount:         1444         148
 WSG: g, ncount:         1445         150
 WSG: g, ncount:         1446         133
 WSG: g, ncount:         1447         386
 WSG: g, ncount:         1448         380
 WSG: g, ncount:         1449         367
 WSG: g, ncount:         1450         337
 WSG: g, ncount:         1451         263
 WSG: g, ncount:         1452          35
 WSG: g, ncount:         1453          55
 WSG: g, ncount:         1454          74
 WSG: g, ncount:         1455          47
 WSG: g, ncount:         1456          72
 WSG: g, ncount:         1457          44
 WSG: g, ncount:         1458          66
 WSG: g, ncount:         1459          77
 WSG: g, ncount:         1460         114
 WSG: g, ncount:         1461          88
 WSG: g, ncount:         1462         147
 WSG: g, ncount:         1463          87
 WSG: g, ncount:         1464         153
 WSG: g, ncount:         1465         140
 WSG: g, ncount:         1466         134
